[2026-04-08T17:51:58.224Z] GET http://localhost:3000/recommendations → 200 (83ms, 31770B)
[2026-04-08T17:51:58.309Z] GET http://localhost:3000/_next/static/media/GeistMono_Variable.p.2f937313.woff2 → 200 (12ms, 71004B)
[2026-04-08T17:51:58.309Z] GET http://localhost:3000/_next/static/media/Geist_Variable-s.p.92592eb2.woff2 → 200 (12ms, 69436B)
[2026-04-08T17:51:58.309Z] GET http://localhost:3000/_next/static/chunks/_0d88947a._.css → 200 (2ms, 97225B)
[2026-04-08T17:51:58.309Z] GET http://localhost:3000/_next/static/chunks/%5Bturbopack%5D_browser_dev_hmr-client_hmr-client_ts_57d40746._.js → 200 (12ms, 671B)
[2026-04-08T17:51:58.309Z] GET http://localhost:3000/_next/static/chunks/node_modules_next_dist_compiled_react-dom_1e674e59._.js → 200 (33ms, 898423B)
[2026-04-08T17:51:58.309Z] GET http://localhost:3000/_next/static/chunks/node_modules_next_dist_compiled_next-devtools_index_a9cb0712.js → 200 (44ms, 1503709B)
[2026-04-08T17:51:58.309Z] GET http://localhost:3000/_next/static/chunks/node_modules_next_dist_compiled_5150ccfd._.js → 200 (14ms, 265322B)
[2026-04-08T17:51:58.309Z] GET http://localhost:3000/_next/static/chunks/node_modules_next_dist_client_cf1d9188._.js → 200 (31ms, 498550B)
[2026-04-08T17:51:58.309Z] GET http://localhost:3000/_next/static/chunks/node_modules_next_dist_b0daae9a._.js → 200 (13ms, 170773B)
[2026-04-08T17:51:58.309Z] GET http://localhost:3000/_next/static/chunks/node_modules_%40swc_helpers_cjs_b3dc30d6._.js → 200 (13ms, 3229B)
[2026-04-08T17:51:58.309Z] GET http://localhost:3000/_next/static/chunks/_a0ff3932._.js → 200 (13ms, 691B)
[2026-04-08T17:51:58.309Z] GET http://localhost:3000/_next/static/chunks/turbopack-_cdba956c._.js → 200 (21ms, 73295B)
[2026-04-08T17:51:58.309Z] GET http://localhost:3000/_next/static/chunks/node_modules_next_dist_8db7fb1f._.js → 200 (29ms, 141426B)
[2026-04-08T17:51:58.309Z] GET http://localhost:3000/_next/static/chunks/src_app_favicon_ico_mjs_243aa161._.js → 200 (21ms, 262B)
[2026-04-08T17:51:58.310Z] GET http://localhost:3000/_next/static/chunks/node_modules_f3e1f61d._.js → 200 (42ms, 520550B)
[2026-04-08T17:51:58.310Z] GET http://localhost:3000/_next/static/chunks/src_8a2ebb03._.js → 200 (30ms, 44219B)
[2026-04-08T17:51:58.310Z] GET http://localhost:3000/_next/static/chunks/src_app_layout_tsx_0a548d63._.js → 200 (30ms, 324B)
[2026-04-08T17:51:58.310Z] GET http://localhost:3000/_next/static/chunks/node_modules_487dd8ea._.js → 200 (43ms, 943415B)
[2026-04-08T17:51:58.310Z] GET http://localhost:3000/_next/static/chunks/src_6429fed8._.js → 200 (31ms, 94481B)
[2026-04-08T17:51:58.310Z] GET http://localhost:3000/_next/static/chunks/src_app_recommendations_page_tsx_69b3214e._.js → 200 (31ms, 289B)
[2026-04-08T17:51:58.310Z] GET http://localhost:3000/_next/static/chunks/node_modules_next_dist_client_components_builtin_global-error_69b3214e.js → 200 (32ms, 206B)
[2026-04-08T17:51:58.321Z] GET http://localhost:3000/noise.svg → 200 (9ms, 235B)
[2026-04-08T17:51:58.458Z] GET http://localhost:3000/login?_rsc=m0nry → 200 (187ms, ?B)
[2026-04-08T17:51:58.458Z] GET http://localhost:3000/_next/static/chunks/%5Bturbopack%5D_browser_dev_hmr-client_hmr-client_ts_c8c997ce._.js → 200 (4ms, 16539B)
[2026-04-08T17:51:58.459Z] GET http://localhost:3000/_next/static/chunks/%5Bturbopack%5D_browser_dev_hmr-client_hmr-client_ts_285433b7._.js → 200 (2ms, 288B)
[2026-04-08T17:51:58.646Z] GET http://localhost:3000/_next/static/chunks/node_modules_63c72ca9._.js → 200 (14ms, 916571B)
[2026-04-08T17:51:58.647Z] GET http://localhost:3000/_next/static/chunks/src_3530cc54._.js → 200 (3ms, 51127B)
[2026-04-08T17:51:58.647Z] GET http://localhost:3000/_next/static/chunks/src_app_login_page_tsx_69b3214e._.js → 200 (3ms, 289B)
[2026-04-08T17:51:58.684Z] GET http://localhost:3000/_next/static/chunks/node_modules_63c72ca9._.js → 200 (10ms, 916571B)
[2026-04-08T17:51:58.684Z] GET http://localhost:3000/_next/static/chunks/src_3530cc54._.js → 200 (?ms, 51127B)
[2026-04-08T17:51:58.684Z] GET http://localhost:3000/_next/static/chunks/src_app_login_page_tsx_69b3214e._.js → 200 (?ms, 289B)
[2026-04-08T17:53:59.456Z] GET http://localhost:3000/_next/static/chunks/_0d88947a._.css → 200 (6ms, 97905B)
